<?xml version="1.0" encoding="UTF-8"?>
<!-- Generated by org.testng.reporters.JUnitReportReporter -->
<testsuite hostname="RAGUL" failures="0" tests="1" name="utilities.datadriven_util" time="0.013" errors="0" timestamp="2024-10-16T22:03:09 IST" skipped="0">
  <testcase classname="utilities.datadriven_util" name="f" time="0.013"/>
</testsuite> <!-- utilities.datadriven_util -->
